#
# There is insufficient memory for the Java Runtime Environment to continue.
# Native memory allocation (mmap) failed to map 266338304 bytes for Failed to commit area from 0x0000000703000000 to 0x0000000712e00000 of length 266338304.
# Possible reasons:
#   The system is out of physical RAM or swap space
#   The process is running with CompressedOops enabled, and the Java Heap may be blocking the growth of the native heap
# Possible solutions:
#   Reduce memory load on the system
#   Increase physical memory or swap space
#   Check if swap backing store is full
#   Decrease Java heap size (-Xmx/-Xms)
#   Decrease number of Java threads
#   Decrease Java thread stack sizes (-Xss)
#   Set larger code cache with -XX:ReservedCodeCacheSize=
# This output file may be truncated or incomplete.
#
#  Out of Memory Error (c:/BuildAgent/work/5ff2f6c26000d570/src/hotspot/os/windows/os_windows.cpp:3296), pid=2460, tid=15616
#
# JRE version:  (11.0.6+8) (build )
# Java VM: OpenJDK 64-Bit Server VM (11.0.6+8-b520.43, mixed mode, sharing, tiered, compressed oops, g1 gc, windows-amd64)
# No core dump will be written. Minidumps are not enabled by default on client versions of Windows
#

---------------  S U M M A R Y ------------

Command Line: org.jetbrains.git4idea.http.GitAskPassApp Username for 'https://github.com': 

Host: Intel(R) Core(TM) i7-8750H CPU @ 2.20GHz, 12 cores, 15G,  Windows 10 , 64 bit Build 18362 (10.0.18362.329)
Time: Mon Mar 23 16:44:06 2020 W. Europe Standard Time elapsed time: 0 seconds (0d 0h 0m 0s)

---------------  T H R E A D  ---------------

Current thread (0x00000228e942a000):  JavaThread "Unknown thread" [_thread_in_vm, id=15616, stack(0x000000d763500000,0x000000d763600000)]

Stack: [0x000000d763500000,0x000000d763600000]
Native frames: (J=compiled Java code, j=interpreted, Vv=VM code, C=native code)
V  [jvm.dll+0x5de31a]
V  [jvm.dll+0x710ae5]
V  [jvm.dll+0x712005]
V  [jvm.dll+0x7126b3]
V  [jvm.dll+0x23e3a8]
V  [jvm.dll+0x5db814]
V  [jvm.dll+0x5d0a35]
V  [jvm.dll+0x2faeeb]
V  [jvm.dll+0x2fae5a]
V  [jvm.dll+0x2fad32]
V  [jvm.dll+0x2ffc06]
V  [jvm.dll+0x348483]
V  [jvm.dll+0x348b86]
V  [jvm.dll+0x348583]
V  [jvm.dll+0x2d57b8]
V  [jvm.dll+0x2d6957]
V  [jvm.dll+0x6ef8a7]
V  [jvm.dll+0x6f109c]
V  [jvm.dll+0x355a79]
V  [jvm.dll+0x6d49ee]
V  [jvm.dll+0x3bf0a3]
V  [jvm.dll+0x3c15c1]
C  [jli.dll+0x5363]
C  [ucrtbase.dll+0x20e72]
C  [KERNEL32.DLL+0x17bd4]
C  [ntdll.dll+0x6ced1]


---------------  P R O C E S S  ---------------

Threads class SMR info:
_java_thread_list=0x00000228e91e4bc0, length=0, elements={
}

Java Threads: ( => current thread )

Other Threads:
  0x00000228e9445000 GCTaskThread "GC Thread#0" [stack: 0x000000d763600000,0x000000d763700000] [id=13408]
  0x00000228e94a1000 ConcurrentGCThread "G1 Main Marker" [stack: 0x000000d763700000,0x000000d763800000] [id=4984]
  0x00000228e94a3000 ConcurrentGCThread "G1 Conc#0" [stack: 0x000000d763800000,0x000000d763900000] [id=11892]

[error occurred during error reporting (printing all threads), id 0xc0000005, EXCEPTION_ACCESS_VIOLATION (0xc0000005) at pc=0x00007ffdebfd6027]

VM state:not at safepoint (not fully initialized)

VM Mutex/Monitor currently owned by a thread:  ([mutex/lock_event])
[0x00000228e9427720] Heap_lock - owner thread: 0x00000228e942a000

Heap address: 0x0000000703000000, size: 4048 MB, Compressed Oops mode: Non-zero based: 0x0000000703000000
Narrow klass base: 0x0000000000000000, Narrow klass shift: 0

GC Heap History (0 events):
No events

Deoptimization events (0 events):
No events

Classes redefined (0 events):
No events

Internal exceptions (0 events):
No events

Events (2 events):
Event: 0.011 Loaded shared library C:\Program Files\JetBrains\PyCharm 2019.3.4\jbr\bin\zip.dll
Event: 0.012 Loaded shared library C:\Program Files\JetBrains\PyCharm 2019.3.4\jbr\bin\jimage.dll


Dynamic libraries:
0x00007ff74cd40000 - 0x00007ff74cd4a000 	C:\Program Files\JetBrains\PyCharm 2019.3.4\jbr\bin\java.exe
0x00007ffe26ca0000 - 0x00007ffe26e90000 	C:\WINDOWS\SYSTEM32\ntdll.dll
0x00007ffe26550000 - 0x00007ffe26602000 	C:\WINDOWS\System32\KERNEL32.DLL
0x00007ffe24670000 - 0x00007ffe24913000 	C:\WINDOWS\System32\KERNELBASE.dll
0x00007ffe24970000 - 0x00007ffe24a6a000 	C:\WINDOWS\System32\ucrtbase.dll
0x00007ffe0f260000 - 0x00007ffe0f277000 	C:\Program Files\JetBrains\PyCharm 2019.3.4\jbr\bin\VCRUNTIME140.dll
0x00007ffe0b860000 - 0x00007ffe0b879000 	C:\Program Files\JetBrains\PyCharm 2019.3.4\jbr\bin\jli.dll
0x00007ffe25670000 - 0x00007ffe25804000 	C:\WINDOWS\System32\USER32.dll
0x00007ffe23ec0000 - 0x00007ffe23ee1000 	C:\WINDOWS\System32\win32u.dll
0x00007ffe166a0000 - 0x00007ffe16925000 	C:\WINDOWS\WinSxS\amd64_microsoft.windows.common-controls_6595b64144ccf1df_6.0.18362.720_none_e6beb5c51314836b\COMCTL32.dll
0x00007ffe26c30000 - 0x00007ffe26c56000 	C:\WINDOWS\System32\GDI32.dll
0x00007ffe25d60000 - 0x00007ffe25dfe000 	C:\WINDOWS\System32\msvcrt.dll
0x00007ffe24b10000 - 0x00007ffe24ca4000 	C:\WINDOWS\System32\gdi32full.dll
0x00007ffe24cb0000 - 0x00007ffe24d4e000 	C:\WINDOWS\System32\msvcp_win.dll
0x00007ffe25a20000 - 0x00007ffe25d56000 	C:\WINDOWS\System32\combase.dll
0x00007ffe25ed0000 - 0x00007ffe25ff0000 	C:\WINDOWS\System32\RPCRT4.dll
0x00007ffe24a90000 - 0x00007ffe24b10000 	C:\WINDOWS\System32\bcryptPrimitives.dll
0x00007ffe24e00000 - 0x00007ffe24e2e000 	C:\WINDOWS\System32\IMM32.DLL
0x00007ffdf7f70000 - 0x00007ffdf800d000 	C:\Program Files\JetBrains\PyCharm 2019.3.4\jbr\bin\msvcp140.dll
0x00007ffdebcf0000 - 0x00007ffdec7ad000 	C:\Program Files\JetBrains\PyCharm 2019.3.4\jbr\bin\server\jvm.dll
0x00007ffe24d50000 - 0x00007ffe24df3000 	C:\WINDOWS\System32\ADVAPI32.dll
0x00007ffe26060000 - 0x00007ffe260f7000 	C:\WINDOWS\System32\sechost.dll
0x00007ffe26050000 - 0x00007ffe26058000 	C:\WINDOWS\System32\PSAPI.DLL
0x00007ffe1aca0000 - 0x00007ffe1aca9000 	C:\WINDOWS\SYSTEM32\WSOCK32.dll
0x00007ffe18430000 - 0x00007ffe18454000 	C:\WINDOWS\SYSTEM32\WINMM.dll
0x00007ffe1c8d0000 - 0x00007ffe1c8da000 	C:\WINDOWS\SYSTEM32\VERSION.dll
0x00007ffe26750000 - 0x00007ffe267bf000 	C:\WINDOWS\System32\WS2_32.dll
0x00007ffe18250000 - 0x00007ffe1827d000 	C:\WINDOWS\SYSTEM32\winmmbase.dll
0x00007ffe24920000 - 0x00007ffe2496a000 	C:\WINDOWS\System32\cfgmgr32.dll
0x00007ffe23be0000 - 0x00007ffe23bf1000 	C:\WINDOWS\System32\kernel.appcore.dll
0x00007ffe1d0d0000 - 0x00007ffe1d0e1000 	C:\Program Files\JetBrains\PyCharm 2019.3.4\jbr\bin\verify.dll
0x00007ffe21220000 - 0x00007ffe21414000 	C:\WINDOWS\SYSTEM32\DBGHELP.DLL
0x00007ffe10b90000 - 0x00007ffe10bba000 	C:\WINDOWS\SYSTEM32\dbgcore.DLL
0x00007ffe19cf0000 - 0x00007ffe19d19000 	C:\Program Files\JetBrains\PyCharm 2019.3.4\jbr\bin\java.dll
0x00007ffe1cd30000 - 0x00007ffe1cd48000 	C:\Program Files\JetBrains\PyCharm 2019.3.4\jbr\bin\zip.dll
0x00007ffe1d080000 - 0x00007ffe1d08b000 	C:\Program Files\JetBrains\PyCharm 2019.3.4\jbr\bin\jimage.dll

dbghelp: loaded successfully - version: 4.0.5 - missing functions: none
symbol engine: initialized successfully - sym options: 0x614 - pdb path: .;C:\Program Files\JetBrains\PyCharm 2019.3.4\jbr\bin;C:\WINDOWS\SYSTEM32;C:\WINDOWS\WinSxS\amd64_microsoft.windows.common-controls_6595b64144ccf1df_6.0.18362.720_none_e6beb5c51314836b;C:\Program Files\JetBrains\PyCharm 2019.3.4\jbr\bin\server

VM Arguments:
java_command: org.jetbrains.git4idea.http.GitAskPassApp Username for 'https://github.com': 
java_class_path (initial): C:/Program Files/JetBrains/PyCharm 2019.3.4/plugins/git4idea/lib/git4idea-rt.jar;C:/Program Files/JetBrains/PyCharm 2019.3.4/lib/xmlrpc-2.0.1.jar;C:/Program Files/JetBrains/PyCharm 2019.3.4/lib/commons-codec-1.13.jar;C:/Program Files/JetBrains/PyCharm 2019.3.4/lib/util.jar
Launcher Type: SUN_STANDARD

[Global flags]
     intx CICompilerCount                          = 4                                         {product} {ergonomic}
     uint ConcGCThreads                            = 3                                         {product} {ergonomic}
     uint G1ConcRefinementThreads                  = 10                                        {product} {ergonomic}
   size_t G1HeapRegionSize                         = 1048576                                   {product} {ergonomic}
    uintx GCDrainStackTargetSize                   = 64                                        {product} {ergonomic}
   size_t InitialHeapSize                          = 266338304                                 {product} {ergonomic}
   size_t MarkStackSize                            = 4194304                                   {product} {ergonomic}
   size_t MaxHeapSize                              = 4244635648                                {product} {ergonomic}
   size_t MinHeapDeltaBytes                        = 1048576                                   {product} {ergonomic}
    uintx NonNMethodCodeHeapSize                   = 5836300                                {pd product} {ergonomic}
    uintx NonProfiledCodeHeapSize                  = 122910970                              {pd product} {ergonomic}
    uintx ProfiledCodeHeapSize                     = 122910970                              {pd product} {ergonomic}
    uintx ReservedCodeCacheSize                    = 251658240                              {pd product} {ergonomic}
     bool SegmentedCodeCache                       = true                                      {product} {ergonomic}
     bool UseCompressedClassPointers               = true                                 {lp64_product} {ergonomic}
     bool UseCompressedOops                        = true                                 {lp64_product} {ergonomic}
     bool UseG1GC                                  = true                                      {product} {ergonomic}
     bool UseLargePagesIndividualAllocation        = false                                  {pd product} {ergonomic}

Logging:
Log output configuration:
 #0: stdout all=warning uptime,level,tags
 #1: stderr all=off uptime,level,tags

Environment Variables:
PATH=C:\Program Files\Git\mingw64\libexec\git-core;C:\Program Files\Git\mingw64\libexec\git-core;C:\Program Files\Git\mingw64\bin;C:\Program Files\Git\usr\bin;C:\Users\cysch\bin;C:\Program Files (x86)\Intel\Intel(R) Management Engine Components\iCLS;C:\Program Files\Intel\Intel(R) Management Engine Components\iCLS;C:\WINDOWS\system32;C:\WINDOWS;C:\WINDOWS\System32\Wbem;C:\WINDOWS\System32\WindowsPowerShell\v1.0;C:\Program Files (x86)\Intel\Intel(R) Management Engine Components\DAL;C:\Program Files\Intel\Intel(R) Management Engine Components\DAL;C:\Program Files (x86)\Intel\Intel(R) Management Engine Components\IPT;C:\Program Files\Intel\Intel(R) Management Engine Components\IPT;C:\WINDOWS\System32\OpenSSH;C:\Program Files\Intel\WiFi\bin;C:\Program Files\Common Files\Intel\WirelessCommon;C:\Program Files\Git\cmd;C:\Users\cysch\AppData\Local\Programs\Python\Python38-32\Scripts;C:\Users\cysch\AppData\Local\Programs\Python\Python38-32;C:\Users\cysch\AppData\Local\Microsoft\WindowsApps
USERNAME=cysch
DISPLAY=:0.0
OS=Windows_NT
PROCESSOR_IDENTIFIER=Intel64 Family 6 Model 158 Stepping 10, GenuineIntel



---------------  S Y S T E M  ---------------

OS: Windows 10 , 64 bit Build 18362 (10.0.18362.329)

CPU:total 12 (initial active 12) (6 cores per cpu, 2 threads per core) family 6 model 158 stepping 10, cmov, cx8, fxsr, mmx, sse, sse2, sse3, ssse3, sse4.1, sse4.2, popcnt, avx, avx2, aes, clmul, erms, 3dnowpref, lzcnt, ht, tsc, tscinvbit, bmi1, bmi2, adx, fma

Memory: 4k page, system-wide physical 16189M (8842M free)
TotalPageFile size 20285M (AvailPageFile size 80M)
current process WorkingSet (physical memory assigned to process): 10M, peak: 10M
current process commit charge ("private bytes"): 64M, peak: 318M

vm_info: OpenJDK 64-Bit Server VM (11.0.6+8-b520.43) for windows-amd64 JRE (11.0.6+8-b520.43), built on Feb  3 2020 14:18:56 by "" with MS VC++ 14.0 (VS2015)

END.
